id	priority	createdTime	startedTime	terminatedTime	cpuTime	blockedTime	turnaroundTime	waitingTime	responseTime
1	0	0	5	56	28	0	56	28	5
2	0	1	30	101	19	42	100	39	29
3	0	72	77	117	11	19	45	15	5
4	0	135	140	198	48	0	63	15	5
5	0	225	230	456	83	46	231	102	5
6	0	256	280	479	79	32	223	112	24
7	0	336	373	497	41	36	161	84	37
8	0	518	523	616	29	39	98	30	5
9	0	1228	1233	1398	89	41	170	40	5
10	0	1727	1732	1809	19	23	82	40	5
11	0	1770	1775	1921	47	60	151	44	5
12	0	1947	1952	2053	36	25	106	45	5
13	0	2239	2244	2246	2	0	7	5	5
14	0	2280	2285	2343	48	0	63	15	5
15	0	2332	2348	2355	7	0	23	16	16
16	0	2419	2424	2431	7	0	12	5	5
17	0	2522	2527	2724	107	20	202	75	5
18	0	2576	2607	2763	67	12	187	108	31
19	0	2986	2991	3010	4	5	24	15	5
20	0	3093	3098	3162	35	19	69	15	5
0	0	0	0	3162	1876	0	3162	1286	0
