id	priority	createdTime	startedTime	terminatedTime	cpuTime	blockedTime	turnaroundTime	waitingTime	responseTime
2	0	13	13	21	8	0	8	0	0
1	0	0	0	71	54	11	71	6	0
3	0	169	169	292	102	21	123	0	0
5	0	285	301	331	25	5	46	16	16
4	0	252	292	405	30	21	153	102	40
7	0	393	405	425	20	0	32	12	12
6	0	309	331	436	63	11	127	53	22
9	0	470	498	507	9	0	37	28	28
8	0	469	469	514	34	2	45	9	0
10	0	499	507	522	10	2	23	11	8
11	0	543	543	574	25	6	31	0	0
13	0	654	698	742	19	8	88	61	44
14	0	669	711	782	34	10	113	69	42
12	0	640	640	783	90	11	143	42	0
15	0	789	789	790	1	0	1	0	0
16	0	1029	1029	1124	76	14	95	5	0
17	0	1060	1060	1129	17	13	69	39	0
18	0	1089	1129	1138	5	4	49	40	40
20	0	1243	1245	1266	21	0	23	2	2
19	0	1238	1238	1382	104	12	144	28	0
21	0	1269	1279	1408	34	15	139	90	10
22	0	1292	1325	1411	5	30	119	84	33
24	0	1369	1411	1432	21	0	63	42	42
25	0	1392	1432	1441	9	0	49	40	40
23	0	1325	1382	1448	16	3	123	104	57
26	0	1406	1448	1454	6	0	48	42	42
27	0	1518	1518	1524	6	0	6	0	0
29	0	1673	1709	1726	17	0	53	36	36
28	0	1654	1654	1785	89	1	131	41	0
33	0	1769	1837	1860	23	0	91	68	68
31	0	1722	1785	1869	33	2	147	112	63
34	0	1816	1869	1876	7	0	60	53	53
32	0	1737	1809	1879	18	5	142	119	72
30	0	1686	1726	1890	49	7	204	148	40
35	0	1854	1890	1931	39	2	77	36	36
36	0	1962	1962	1974	12	0	12	0	0
38	0	2012	2012	2092	48	5	80	27	0
40	0	2060	2096	2101	5	0	41	36	36
39	0	2023	2038	2143	70	4	120	46	15
41	0	2072	2143	2237	48	10	165	107	71
43	0	2221	2237	2267	30	0	46	16	16
37	0	1998	1998	2275	32	30	277	215	0
46	0	2247	2298	2310	12	0	63	51	51
44	0	2233	2267	2317	13	1	84	70	34
47	0	2281	2317	2322	5	0	41	36	36
42	0	2117	2196	2341	45	22	224	157	79
45	0	2242	2275	2365	47	16	123	60	33
48	0	2349	2365	2369	4	0	20	16	16
49	0	2362	2369	2396	17	10	34	7	7
50	0	2389	2396	2405	9	0	16	7	7
0	0	0	0	2405	889	0	2405	1516	0
