id	priority	createdTime	startedTime	terminatedTime	cpuTime	blockedTime	turnaroundTime	waitingTime	responseTime
2	0	13	13	21	8	0	8	0	0
1	0	0	0	71	54	11	71	6	0
3	0	169	169	292	102	21	123	0	0
5	0	285	301	331	25	5	46	16	16
4	0	252	292	352	30	21	100	49	40
7	0	393	405	425	20	0	32	12	12
6	0	309	352	436	63	11	127	53	43
9	0	470	498	507	9	0	37	28	28
8	0	469	469	514	34	2	45	9	0
10	0	499	507	522	10	2	23	11	8
11	0	543	543	574	25	6	31	0	0
13	0	654	698	739	19	8	85	58	44
14	0	669	711	755	34	10	86	42	42
12	0	640	640	785	90	11	145	44	0
15	0	789	789	790	1	0	1	0	0
16	0	1029	1029	1124	76	14	95	5	0
17	0	1060	1060	1130	17	13	70	40	0
18	0	1089	1124	1134	5	4	45	36	35
20	0	1243	1245	1266	21	0	23	2	2
21	0	1269	1279	1353	34	15	84	35	10
23	0	1325	1327	1360	16	3	35	16	2
22	0	1292	1325	1363	5	30	71	36	33
19	0	1238	1238	1418	104	12	180	64	0
24	0	1369	1418	1439	21	0	70	49	49
26	0	1406	1439	1445	6	0	39	33	33
25	0	1392	1445	1454	9	0	62	53	53
27	0	1518	1518	1524	6	0	6	0	0
29	0	1673	1709	1726	17	0	53	36	36
33	0	1769	1790	1813	23	0	44	21	21
32	0	1737	1775	1816	18	5	79	56	38
31	0	1722	1751	1825	33	2	103	68	29
34	0	1816	1825	1832	7	0	16	9	9
28	0	1654	1654	1879	89	1	225	135	0
30	0	1686	1726	1892	49	7	206	150	40
35	0	1854	1879	1929	39	2	75	34	25
36	0	1962	1962	1974	12	0	12	0	0
40	0	2060	2070	2075	5	0	15	10	10
38	0	2012	2012	2194	48	5	182	129	0
37	0	1998	1998	2196	32	30	198	136	0
39	0	2023	2038	2238	70	4	215	141	15
43	0	2221	2238	2268	30	0	47	17	17
46	0	2247	2274	2286	12	0	39	27	27
44	0	2233	2268	2293	13	1	60	46	35
47	0	2281	2293	2298	5	0	17	12	12
42	0	2117	2128	2340	45	22	223	156	11
41	0	2072	2075	2341	48	10	269	211	3
45	0	2242	2298	2364	47	16	122	59	56
48	0	2349	2364	2368	4	0	19	15	15
49	0	2362	2368	2395	17	10	33	6	6
50	0	2389	2395	2404	9	0	15	6	6
0	0	0	0	2404	888	0	2404	1516	0
