id	priority	createdTime	startedTime	terminatedTime	cpuTime	blockedTime	turnaroundTime	waitingTime	responseTime
1	0	0	0	26	23	3	26	0	0
3	0	50	54	59	5	0	9	4	4
2	0	9	11	68	36	6	59	17	2
4	0	106	106	118	12	0	12	0	0
5	0	119	119	244	64	9	125	52	0
7	0	170	180	247	24	4	77	49	10
8	0	289	294	303	9	0	14	5	5
6	0	123	139	305	88	14	182	80	16
9	0	374	374	430	56	0	56	0	0
10	0	423	430	489	59	0	66	7	7
11	0	485	489	553	53	11	68	4	4
12	0	608	608	641	29	0	33	4	0
14	0	621	630	706	27	8	85	50	9
13	0	617	628	712	48	6	95	41	11
15	0	703	712	741	29	0	38	9	9
18	0	783	789	807	18	0	24	6	6
19	0	790	827	863	9	1	73	63	37
17	0	770	785	866	14	4	96	78	15
20	0	892	906	938	12	5	46	29	14
16	0	735	741	943	146	3	208	59	6
26	0	1030	1083	1086	3	0	56	53	53
23	0	999	1000	1142	34	9	143	100	1
21	0	967	967	1171	60	13	204	131	0
25	0	1021	1074	1187	22	4	166	140	53
28	0	1159	1187	1191	4	0	32	28	28
22	0	986	987	1225	85	2	239	152	1
27	0	1144	1171	1268	25	5	124	94	27
29	0	1164	1191	1286	21	0	122	101	27
32	0	1244	1286	1299	13	0	55	42	42
24	0	1003	1031	1346	62	8	343	273	28
31	0	1189	1268	1379	41	1	190	148	79
36	0	1382	1435	1444	9	0	62	53	53
35	0	1376	1402	1517	33	0	141	108	26
30	0	1179	1245	1673	80	31	494	383	66
34	0	1362	1379	1676	61	8	314	245	17
41	0	1653	1717	1719	2	0	66	64	64
39	0	1536	1582	1747	30	3	211	178	46
42	0	1686	1752	1757	5	0	71	66	66
37	0	1407	1464	1761	68	5	354	281	57
33	0	1342	1346	1772	112	24	430	294	4
38	0	1516	1576	1773	30	12	257	215	60
40	0	1629	1676	1790	23	5	161	133	47
44	0	1811	1811	1815	4	0	4	0	0
43	0	1779	1790	1824	27	5	45	13	11
45	0	2275	2275	2286	11	0	11	0	0
47	0	2307	2309	2352	14	10	45	21	2
46	0	2289	2289	2371	41	17	82	24	0
48	0	2324	2324	2419	38	1	95	56	0
49	0	2354	2373	2425	16	1	71	54	19
50	0	2355	2383	2451	32	14	96	50	28
0	0	0	0	2451	684	0	2451	1767	0
